Arguments: 
  C:\Program Files\nodejs\node.exe C:\Users\ek\AppData\Roaming\npm\node_modules\@sanity\cli\vendor\yarn install --json --non-interactive --ignore-engines --registry https://registry.npmjs.org

PATH: 
  C:\WINDOWS\system32;C:\WINDOWS;C:\WINDOWS\System32\Wbem;C:\WINDOWS\System32\WindowsPowerShell\v1.0\;C:\WINDOWS\System32\OpenSSH\;C:\Program Files (x86)\ATI Technologies\ATI.ACE\Core-Static;C:\Program Files\nodejs\;C:\cmder;C:\Program Files\Git\cmd;C:\flutter\flutter\bin;C:\Users\ek\AppData\Local\Microsoft\WindowsApps;;C:\Users\ek\AppData\Local\Programs\Microsoft VS Code\bin;C:\Users\ek\AppData\Roaming\npm

Yarn version: 
  1.22.10

Node version: 
  14.17.6

Platform: 
  win32 x64

Trace: 
  Error: https://registry.npmjs.org/date-fns/-/date-fns-2.25.0.tgz: ESOCKETTIMEDOUT
      at ClientRequest.<anonymous> (C:\Users\ek\AppData\Roaming\npm\node_modules\@sanity\cli\vendor\yarn:141406:19)
      at Object.onceWrapper (events.js:519:28)
      at ClientRequest.emit (events.js:400:28)
      at TLSSocket.emitRequestTimeout (_http_client.js:790:9)
      at Object.onceWrapper (events.js:519:28)
      at TLSSocket.emit (events.js:412:35)
      at TLSSocket.Socket._onTimeout (net.js:484:8)
      at listOnTimeout (internal/timers.js:557:17)
      at processTimers (internal/timers.js:500:7)

npm manifest: 
  {
    "name": "blogsanity",
    "private": true,
    "version": "1.0.0",
    "description": "",
    "main": "package.json",
    "author": "ez4ganaa <ez4ganaa@gmail.com>",
    "license": "UNLICENSED",
    "scripts": {
      "start": "sanity start",
      "build": "sanity build"
    },
    "keywords": [
      "sanity"
    ],
    "dependencies": {
      "@sanity/base": "^2.21.2",
      "@sanity/core": "^2.21.0",
      "@sanity/default-layout": "^2.21.2",
      "@sanity/default-login": "^2.21.0",
      "@sanity/desk-tool": "^2.21.2",
      "@sanity/vision": "^2.21.2",
      "prop-types": "^15.7",
      "react": "^17.0",
      "react-dom": "^17.0",
      "styled-components": "^5.2.0"
    },
    "devDependencies": {}
  }

yarn manifest: 
  No manifest

Lockfile: 
  No lockfile
